     1                                  ;28.Se citeste de la tastatura un sir de caractere (litere mici si litere mari, cifre, caractere speciale, etc). Sa se formeze un sir nou doar cu literele mici si un sir nou doar cu literele mari. Sa se afiseze cele
     2                                  bits 32
     3                                  
     4                                  global start
     5                                  extern exit, printf, scanf        
     6                                  import exit msvcrt.dll     
     7                                  import printf msvcrt.dll     
     8                                  import scanf msvcrt.dll 
     9                                  
    10                                  segment data use32 class=data
    11 00000000 446174692073697275-         format db "Dati sirul de caractere: ",0;formatul pentru citire
    11 00000009 6C2064652063617261-
    11 00000012 63746572653A2000   
    12 0000001A 257300                      format_s db "%s",0
    13 0000001D 0A0D00                      format_spatiu db 10,13,0
    14 00000020 00<rept>                    sir times 100 db 0
    15 00000084 00<rept>                    sir_mare times 100 db 0
    16 000000E8 00<rept>                    sir_mic times 100 db 0
    17                                  
    18                                  segment code use32 class=code
    19                                      start:
    20 00000000 68[00000000]                    push format
    21 00000005 FF15[00000000]                  call [printf]
    22 0000000B 83C404                          add esp, 4 
    23                                  
    24 0000000E 68[20000000]                    push sir
    25 00000013 68[1A000000]                    push format_s
    26 00000018 FF15[00000000]                  call [scanf]
    27 0000001E 83C408                          add esp, 4*2
    28                                     
    29 00000021 BE[20000000]                    mov esi,sir
    30 00000026 BF[84000000]                    mov edi,sir_mare
    31                                  
    32                                          repeta:
    33 0000002B AC                                  lodsb
    34 0000002C 3C41                                cmp al,"A"
    35 0000002E 7C05                                jl next
    36 00000030 3C5A                                cmp al,"Z"
    37 00000032 7F01                                jg next
    38 00000034 AA                                  stosb
    39                                              next:
    40 00000035 3C00                                cmp al,""
    41 00000037 7402                                je gata
    42 00000039 EBF0                            jmp repeta
    43                                          gata:
    44                                          
    45 0000003B 68[84000000]                    push sir_mare
    46 00000040 FF15[00000000]                  call [printf]
    47 00000046 83C404                          add esp,4
    48                                          
    49 00000049 68[1D000000]                    push format_spatiu
    50 0000004E FF15[00000000]                  call [printf]
    51 00000054 83C404                          add esp,4
    52                                          
    53 00000057 BE[20000000]                    mov esi,sir
    54 0000005C BF[E8000000]                    mov edi,sir_mic
    55                                  
    56                                          repeta1:
    57 00000061 AC                                  lodsb
    58 00000062 3C61                                cmp al,"a"
    59 00000064 7C05                                jl next1
    60 00000066 3C7A                                cmp al,"z"
    61 00000068 7F01                                jg next1
    62 0000006A AA                                  stosb
    63                                              next1:
    64 0000006B 3C00                                cmp al,""
    65 0000006D 7402                                je gata1
    66 0000006F EBF0                            jmp repeta1
    67                                          gata1:
    68                                          
    69 00000071 68[E8000000]                    push sir_mic
    70 00000076 FF15[00000000]                  call [printf]
    71 0000007C 83C404                          add esp,4
    72                                          
    73 0000007F 6A00                            push    dword 0      
    74 00000081 FF15[00000000]                  call    [exit]       
