     1                                  bits 32
     2                                  
     3                                  global start
     4                                  
     5                                  ; functiile exit() si printf() sunt importate din
     6                                  ; libraria cu legare dinamica (Dynamic Link Library) msvcrt.dll
     7                                  extern exit, printf
     8                                  import exit msvcrt.dll
     9                                  import printf msvcrt.dll
    10                                  
    11                                  segment data use32 class=data
    12 00000000 25640A0D00                  format_string db "%d", 10, 13, 0
    13                                      
    14                                  ; afisarea cifrelor de la 0 la 9
    15                                  segment code use32 class=code
    16                                      start:
    17 00000000 B90A000000                      mov ecx, 10
    18 00000005 31C0                            xor eax, eax
    19                                      .next:
    20 00000007 50                              push eax
    21 00000008 51                              push ecx
    22                                          
    23 00000009 50                              push eax
    24 0000000A 68[00000000]                    push dword format_string
    25 0000000F FF15[00000000]                  call [printf]
    26 00000015 83C408                          add esp, 4*2
    27                                          
    28 00000018 59                              pop ecx
    29 00000019 58                              pop eax
    30 0000001A 40                              inc eax
    31 0000001B E2EA                            loop .next
    32                                      
    33                                          ; exit(0)
    34 0000001D 6A00                            push dword 0        ; push the parameter for exit onto the stack
    35 0000001F FF15[00000000]                  call [exit]         ; call exit to terminate the program
