     1                                  bits 32 
     2                                  
     3                                  global start        
     4                                  
     5                                  extern exit,scanf,fprintf,printf,fopen,fclose               
     6                                  import scanf msvcrt.dll    
     7                                  import fprintf msvcrt.dll
     8                                  import printf msvcrt.dll
     9                                  import exit msvcrt.dll
    10                                  import fopen msvcrt.dll 
    11                                  import fclose msvcrt.dll
    12                                  
    13                                  segment data use32 class=data
    14                                      ; ...
    15 00000000 00                          n db 0
    16 00000001 256400                      format db "%d",0
    17 00000004 257300                      format1 db "%s",0
    18 00000007 256300                      format2 db "%c",0
    19 0000000A 617361636576616E75-         string db "asacevanuseface",0
    19 00000013 73656661636500     
    20 0000001A 01                          i db 1
    21 0000001B 30                          caracter db '0'
    22 0000001C 772B00                      mod_acces db "w+",0
    23 0000001F FFFFFFFF                    descriptor dd -1
    24 00000023 6F75747075742D202E-         nume_fisier db "output- .txt",0
    24 0000002C 74787400           
    25 00000030 <res 0000000C>              rez resb 12
    26                                     
    27                                  segment code use32 class=code
    28                                      start:
    29                                          ; ...
    30 00000000 68[00000000]                    push dword n
    31 00000005 68[01000000]                    push dword format
    32 0000000A FF15[00000000]                  call [scanf]
    33 00000010 83C408                          add esp,8
    34                                          
    35                                          generare:
    36 00000013 8005[1B000000]01                    add byte[caracter],1
    37 0000001A BE[23000000]                        mov esi,nume_fisier
    38 0000001F BF[30000000]                        mov edi, rez
    39 00000024 B90C000000                          mov ecx,12
    40                                              formare:
    41 00000029 AC                                      lodsb
    42 0000002A 3C20                                    cmp al,' '
    43 0000002C 7505                                    jne sf
    44 0000002E A0[1B000000]                            mov al,[caracter]
    45                                                  sf:
    46 00000033 AA                                      stosb
    47 00000034 E2F3                                loop formare
    48                                              
    49 00000036 68[30000000]                        push dword rez
    50 0000003B 68[04000000]                        push dword format1
    51 00000040 FF15[00000000]                      call [printf]
    52 00000046 83C408                              add esp,8
    53                                              
    54                                              creat:
    55 00000049 68[1C000000]                            push dword mod_acces
    56 0000004E 68[30000000]                            push dword rez
    57 00000053 FF15[00000000]                          call [fopen]
    58 00000059 83C408                                  add esp,8
    59                                                  
    60 0000005C A3[1F000000]                            mov [descriptor],eax
    61 00000061 83F800                                  cmp eax,0
    62 00000064 744C                                    je final
    63                                                  
    64 00000066 B900000000                          mov ecx,0
    65 0000006B BE[0A000000]                        mov esi,string
    66 00000070 8A0D[1A000000]                      mov cl,[i]
    67 00000076 FC                                  cld
    68                                              continut:
    69 00000077 B800000000                              mov eax,0
    70 0000007C 60                                      pushad
    71 0000007D AC                                      lodsb
    72 0000007E 50                                      push eax
    73 0000007F 68[07000000]                            push dword format2
    74 00000084 FF35[1F000000]                          push dword [descriptor]
    75 0000008A FF15[00000000]                          call [fprintf]
    76 00000090 83C40C                                  add esp,12
    77 00000093 61                                      popad
    78 00000094 46                                      inc esi
    79 00000095 E2E0                                loop continut
    80                                              
    81 00000097 8005[1A000000]01                    add byte[i],1
    82 0000009E FE0D[00000000]                      dec byte[n]
    83                                              
    84 000000A4 803D[00000000]00                    cmp byte[n],0
    85 000000AB 7405                                je final
    86                                              
    87 000000AD E961FFFFFF                      jmp generare    
    88                                          
    89                                          final:
    90 000000B2 6A00                            push    dword 0      
    91 000000B4 FF15[00000000]                  call    [exit]       
