     1                                  bits 32 
     2                                  
     3                                  global start        
     4                                  
     5                                  extern exit,scanf,fprintf,printf,fopen,fclose               
     6                                  import scanf msvcrt.dll    
     7                                  import fprintf msvcrt.dll
     8                                  import printf msvcrt.dll
     9                                  import exit msvcrt.dll
    10                                  import fopen msvcrt.dll 
    11                                  import fclose msvcrt.dll                         
    12                                  
    13                                  segment data use32 class=data
    14 00000000 00000000                    curent dd 0
    15 00000004 256400                      format db "%d",0
    16 00000007 256300                      formatc db "%c",0
    17 0000000A 312D696D7061725F6E-         nume_fisier db "1-impar_neg.txt",0
    17 00000013 65672E74787400     
    18 0000001A 772B00                      mod_acces db "w+",0
    19 0000001D FFFFFFFF                    descriptor dd -1
    20 00000021 00                          contor db 0
    21                                  
    22                                  segment code use32 class=code
    23                                      start:
    24                                          ; ...
    25                                          
    26 00000000 68[1A000000]                    push dword mod_acces
    27 00000005 68[0A000000]                    push dword nume_fisier
    28 0000000A FF15[00000000]                  call [fopen]
    29 00000010 83C408                          add esp,8
    30                                          
    31 00000013 A3[1D000000]                    mov [descriptor],eax
    32 00000018 83F800                          cmp eax,0
    33 0000001B 7478                            je final
    34                                          
    35                                          citire:
    36 0000001D 68[00000000]                        push dword curent
    37 00000022 68[04000000]                        push dword format
    38 00000027 FF15[00000000]                      call [scanf]
    39 0000002D 83C408                              add esp,8
    40                                              
    41 00000030 A1[00000000]                        mov eax, [curent]
    42 00000035 83F800                              cmp eax,0
    43 00000038 745B                                je final
    44                                              
    45 0000003A 83F800                              cmp eax,0
    46 0000003D 7FDE                                jg citire
    47                                              
    48 0000003F B920000000                          mov ecx, 32
    49 00000044 C605[21000000]00                    mov byte[contor],0
    50                                              nrone:
    51 0000004B D1E8                                    shr eax,1
    52 0000004D 7307                                    jnc sf
    53 0000004F 8005[21000000]01                        add byte[contor],1
    54                                                  sf:
    55 00000056 E2F3                                loop nrone
    56                                              
    57 00000058 8A1D[21000000]                      mov bl,byte[contor]
    58 0000005E F6C301                              test bl,01h
    59 00000061 7430                                jz next
    60                                              
    61 00000063 FF35[00000000]                      push dword [curent]
    62 00000069 68[04000000]                        push dword format
    63 0000006E FF35[1D000000]                      push dword [descriptor]
    64 00000074 FF15[00000000]                      call [fprintf]
    65 0000007A 83C40C                              add esp,12
    66                                              
    67 0000007D 6A20                                push dword " "
    68 0000007F 68[07000000]                        push dword formatc
    69 00000084 FF35[1D000000]                      push dword [descriptor]
    70 0000008A FF15[00000000]                      call [fprintf]
    71 00000090 83C40C                              add esp,12
    72                                              
    73                                              next:
    74 00000093 EB88                            jmp citire
    75                                          
    76                                          final:
    77                                          
    78 00000095 6A00                            push    dword 0      
    79 00000097 FF15[00000000]                  call    [exit]       
