     1                                  bits 32 
     2                                  global start        
     3                                  
     4                                  extern exit, fopen, fprintf, fclose, fread
     5                                  extern scanf
     6                                  import scanf msvcrt.dll
     7                                  extern printf
     8                                  import printf msvcrt.dll
     9                                  import exit msvcrt.dll
    10                                  import fopen msvcrt.dll
    11                                  import fprintf msvcrt.dll
    12                                  import fclose msvcrt.dll
    13                                  import fread msvcrt.dll
    14                                  
    15                                  segment data use32 class=data
    16                                          ; ...
    17 00000000 00000000FFFFFFFFFE-             s dd 0,-1,-2,-4,-8
    17 00000009 FFFFFFFCFFFFFFF8FF-
    17 00000012 FFFF               
    18 00000014 FFFE                            s1 db 0ffh,-2
    19 00000016 00FFFEFF                        s2 dw 0ff00h,-2
    20                                          len equ $-$$
    21                                      
    22                                  segment code use32 class=code
    23                                      start:
    24                                          ; ...
    25 00000000 B0FF                            mov al,-1
    26 00000002 3C00                            cmp al,0
    27 00000004 7402                            je da
    28 00000006 7E02                            jle nu
    29                                          
    30                                          da:
    31 00000008 B001                            mov al,1
    32                                          nu:
    33 0000000A B002                            mov al,2
    34                                          
    35                                          
    36 0000000C FC                              cld
    37 0000000D 6650                            push ax
    38 0000000F 668B442402                      mov ax,[esp+2]
    39 00000014 66AB                            stosw
    40 00000016 8D7FFE                          lea edi,[edi-2]
    41 00000019 83C404                          add esp,4
    42                                          
    43 0000001C 666A6A                          push word 6Ah
    44 0000001F 666A12                          push word 12h
    45 00000022 58                              pop eax
    46                                          
    47 00000023 B801000000                      mov eax,16>>4
    48 00000028 B81A000000                      mov eax,len
    49                                          
    50 0000002D 8D44000A                        lea eax,[eax*2+10]
    51                                          
    52 00000031 6A00                            push dword 0
    53 00000033 6AFF                            push dword -1
    54 00000035 6AFE                            push dword -2
    55 00000037 6AFC                            push dword -4
    56 00000039 6AF8                            push dword -8
    57                                          
    58 0000003B 58                              pop eax
    59 0000003C 66F7D8                          neg ax
    60                                          
    61 0000003F BE[14000000]                    mov esi,s1
    62 00000044 BF[16000000]                    mov edi,s2
    63 00000049 A4                              movsb
    64 0000004A 47                              inc edi
    65 0000004B 66AF                            scasw
    66 0000004D 7F02                            jg isGreater
    67 0000004F 7C02                            jl isLess
    68                                          
    69                                          isGreater:
    70 00000051 EB00                                jmp final
    71                                          isLess:
    72                                          ;...
    73                                          final:
    74 00000053 6A00                            push    dword 0      
    75 00000055 FF15[00000000]                  call    [exit]     
