     1                                  bits 32 
     2                                  
     3                                  global start        
     4                                  
     5                                  extern exit , scanf, printf           
     6                                  import exit msvcrt.dll    
     7                                  import scanf msvcrt.dll                        
     8                                  import printf msvcrt.dll
     9                                  
    10                                  segment data use32 class=data
    11                                      ; ...
    12 00000000 78A63412345678122B-         sir dd 1234A678h,12785634h,1A4D3C2Bh
    12 00000009 3C4D1A             
    13                                      len equ ($-sir)/4
    14 0000000C 00000000<rept>              rez times len dd 0
    15 00000018 00                          contor db 0
    16 00000019 256400                      format db "%d",0
    17 0000001C 256300                      formatc db "%c",0
    18 0000001F 255800                      formath db "%X",0
    19 00000022 00                          suma db 0
    20                                  
    21                                  segment code use32 class=code
    22                                      start:
    23                                          ; ...
    24 00000000 BE[00000000]                    mov esi,sir
    25 00000005 BF[0C000000]                    mov edi,rez
    26 0000000A B903000000                      mov ecx,len
    27 0000000F E34B                            jecxz final
    28                                          
    29                                          repeta:
    30 00000011 B800000000                          mov eax,0
    31 00000016 66AD                                lodsw
    32 00000018 88E3                                mov bl,ah
    33 0000001A 66AD                                lodsw
    34 0000001C 88D8                                mov al,bl
    35 0000001E 66AB                                stosw
    36                                              
    37                                              ;pushad
    38                                              ;push dword eax
    39                                              ;push dword formath
    40                                              ;call[printf]
    41                                              ;add esp,8
    42                                              ;popad
    43                                              
    44 00000020 C605[18000000]00                    mov byte[contor],0
    45                                              baza2:
    46 00000027 6683F800                                cmp ax,0
    47 0000002B 740D                                    je next
    48 0000002D 66D1E0                                  shl ax,1
    49 00000030 7306                                    jnc pas
    50 00000032 FE05[18000000]                          inc byte[contor]
    51                                                  pas:
    52 00000038 EBED                                    jmp baza2
    53                                              next:
    54 0000003A 8A1D[18000000]                      mov bl,byte[contor]
    55 00000040 001D[22000000]                      add byte[suma],bl
    56                                              
    57 00000046 E2C9                            loop repeta
    58                                              
    59 00000048 FF35[22000000]                  push dword [suma]
    60 0000004E 68[19000000]                    push dword format
    61 00000053 FF15[00000000]                  call [printf]
    62 00000059 83C408                          add esp,8
    63                                          
    64                                          final: 
    65                                          ; exit(0)
    66 0000005C 6A00                            push    dword 0      ; push the parameter for exit onto the stack
    67 0000005E FF15[00000000]                  call    [exit]       ; call exit to terminate the program
